[30-Oct-2024 02:12:08 UTC] PHP Warning:  Attempt to read property "ID" on null in /Users/jeremy/Local Sites/uab-wp/app/public/wp-includes/rest-api/endpoints/class-wp-rest-autosaves-controller.php on line 167
[30-Oct-2024 02:12:08 UTC] PHP Warning:  Attempt to read property "ID" on null in /Users/jeremy/Local Sites/uab-wp/app/public/wp-includes/rest-api/endpoints/class-wp-rest-autosaves-controller.php on line 167
[30-Oct-2024 02:13:04 UTC] PHP Warning:  Attempt to read property "ID" on null in /Users/jeremy/Local Sites/uab-wp/app/public/wp-includes/rest-api/endpoints/class-wp-rest-autosaves-controller.php on line 167
[30-Oct-2024 02:13:04 UTC] PHP Warning:  Attempt to read property "ID" on null in /Users/jeremy/Local Sites/uab-wp/app/public/wp-includes/rest-api/endpoints/class-wp-rest-autosaves-controller.php on line 167
[30-Oct-2024 03:11:11 UTC] Cron reschedule event error for hook: wp_version_check, Error code: could_not_set, Error message: The cron event list could not be saved., Data: {"schedule":"twicedaily","args":[],"interval":43200}
[30-Oct-2024 03:13:16 UTC] PHP Warning:  file_put_contents(/Users/jeremy/Local Sites/uab-wp/app/public/wp-content/themes/uab-wp/patterns): Failed to open stream: Is a directory in /Users/jeremy/Local Sites/uab-wp/app/public/wp-content/plugins/create-block-theme/includes/create-theme/theme-utils.php on line 90
[30-Oct-2024 03:13:16 UTC] PHP Warning:  file_put_contents(/Users/jeremy/Local Sites/uab-wp/app/public/wp-content/themes/uab-wp/styles): Failed to open stream: Is a directory in /Users/jeremy/Local Sites/uab-wp/app/public/wp-content/plugins/create-block-theme/includes/create-theme/theme-utils.php on line 90
[30-Oct-2024 03:13:16 UTC] PHP Warning:  file_put_contents(/Users/jeremy/Local Sites/uab-wp/app/public/wp-content/themes/uab-wp/parts): Failed to open stream: Is a directory in /Users/jeremy/Local Sites/uab-wp/app/public/wp-content/plugins/create-block-theme/includes/create-theme/theme-utils.php on line 90
[30-Oct-2024 03:13:16 UTC] PHP Warning:  file_put_contents(/Users/jeremy/Local Sites/uab-wp/app/public/wp-content/themes/uab-wp/templates): Failed to open stream: Is a directory in /Users/jeremy/Local Sites/uab-wp/app/public/wp-content/plugins/create-block-theme/includes/create-theme/theme-utils.php on line 90
[30-Oct-2024 03:13:16 UTC] PHP Warning:  file_put_contents(/Users/jeremy/Local Sites/uab-wp/app/public/wp-content/themes/uab-wp/assets): Failed to open stream: Is a directory in /Users/jeremy/Local Sites/uab-wp/app/public/wp-content/plugins/create-block-theme/includes/create-theme/theme-utils.php on line 90
[30-Oct-2024 03:13:16 UTC] PHP Warning:  file_put_contents(/Users/jeremy/Local Sites/uab-wp/app/public/wp-content/themes/uab-wp/assets/images): Failed to open stream: Is a directory in /Users/jeremy/Local Sites/uab-wp/app/public/wp-content/plugins/create-block-theme/includes/create-theme/theme-utils.php on line 90
[30-Oct-2024 03:13:16 UTC] PHP Warning:  file_put_contents(/Users/jeremy/Local Sites/uab-wp/app/public/wp-content/themes/uab-wp/assets/fonts): Failed to open stream: Is a directory in /Users/jeremy/Local Sites/uab-wp/app/public/wp-content/plugins/create-block-theme/includes/create-theme/theme-utils.php on line 90
[30-Oct-2024 03:13:16 UTC] PHP Warning:  Undefined property: WP_Block_Template::$media in /Users/jeremy/Local Sites/uab-wp/app/public/wp-content/plugins/create-block-theme/includes/create-theme/theme-templates.php on line 233
[30-Oct-2024 03:13:16 UTC] PHP Warning:  Undefined property: WP_Block_Template::$media in /Users/jeremy/Local Sites/uab-wp/app/public/wp-content/plugins/create-block-theme/includes/create-theme/theme-templates.php on line 233
[30-Oct-2024 03:13:16 UTC] PHP Warning:  Undefined property: WP_Block_Template::$media in /Users/jeremy/Local Sites/uab-wp/app/public/wp-content/plugins/create-block-theme/includes/create-theme/theme-templates.php on line 233
[30-Oct-2024 03:13:16 UTC] PHP Warning:  Undefined property: WP_Block_Template::$media in /Users/jeremy/Local Sites/uab-wp/app/public/wp-content/plugins/create-block-theme/includes/create-theme/theme-templates.php on line 233
[30-Oct-2024 03:13:16 UTC] PHP Warning:  Undefined property: WP_Block_Template::$media in /Users/jeremy/Local Sites/uab-wp/app/public/wp-content/plugins/create-block-theme/includes/create-theme/theme-templates.php on line 233
[30-Oct-2024 03:13:16 UTC] PHP Warning:  Undefined property: WP_Block_Template::$media in /Users/jeremy/Local Sites/uab-wp/app/public/wp-content/plugins/create-block-theme/includes/create-theme/theme-templates.php on line 233
[30-Oct-2024 03:13:16 UTC] PHP Warning:  Undefined property: WP_Block_Template::$media in /Users/jeremy/Local Sites/uab-wp/app/public/wp-content/plugins/create-block-theme/includes/create-theme/theme-templates.php on line 233
[30-Oct-2024 03:13:16 UTC] PHP Warning:  Undefined property: WP_Block_Template::$media in /Users/jeremy/Local Sites/uab-wp/app/public/wp-content/plugins/create-block-theme/includes/create-theme/theme-templates.php on line 233
[30-Oct-2024 03:13:16 UTC] PHP Warning:  Undefined property: WP_Block_Template::$media in /Users/jeremy/Local Sites/uab-wp/app/public/wp-content/plugins/create-block-theme/includes/create-theme/theme-templates.php on line 233
[30-Oct-2024 03:13:16 UTC] PHP Warning:  Undefined property: WP_Block_Template::$media in /Users/jeremy/Local Sites/uab-wp/app/public/wp-content/plugins/create-block-theme/includes/create-theme/theme-templates.php on line 261
[30-Oct-2024 03:13:16 UTC] PHP Warning:  Undefined property: WP_Block_Template::$media in /Users/jeremy/Local Sites/uab-wp/app/public/wp-content/plugins/create-block-theme/includes/create-theme/theme-templates.php on line 261
